<?xml version="1.0" encoding="UTF-8"?>
<!-- Generated by org.testng.reporters.JUnitXMLReporter -->
<testsuite ignored="0" hostname="DESKTOP-53EJ0K8" failures="0" tests="12" name="Test" time="0.143" errors="0" timestamp="2023-05-10T06:11:25 IST">
  <testcase classname="BasicConcepts.GroupingConcept" name="Test1" time="0.016"/>
  <testcase classname="BasicConcepts.GroupingConcept" name="Test2" time="0.001"/>
  <testcase classname="BasicConcepts.GroupingConcept" name="Test3" time="0.001"/>
  <testcase classname="BasicConcepts.GroupingConcept" name="Test4" time="0.0"/>
  <testcase classname="BasicConcepts.GroupingConcept" name="Test5" time="0.001"/>
  <testcase classname="BasicConcepts.GroupingConcept" name="Test6" time="0.001"/>
  <testcase classname="BasicConcepts.GroupingConcept" name="Test7" time="0.001"/>
  <testcase classname="BasicConcepts.GroupingConcept" name="hardAssert" time="0.001"/>
  <testcase classname="BasicConcepts.GroupingConcept" name="softAssert" time="0.011"/>
  <testcase classname="BasicConcepts.GroupingConcept" name="username" time="0.001"/>
  <testcase classname="BasicConcepts.GroupingConcept" name="password" time="0.001"/>
  <testcase classname="BasicConcepts.GroupingConcept" name="login" time="0.001"/>
</testsuite> <!-- Test -->
