<?xml version="1.0" encoding="UTF-8"?>
<!-- Generated by org.testng.reporters.JUnitXMLReporter -->
<testsuite ignored="9" hostname="DESKTOP-53EJ0K8" failures="0" tests="3" name="Test(failed)" time="0.11" errors="0" timestamp="2023-05-10T06:10:41 IST">
  <testcase classname="BasicConcepts.GroupingConcept" name="softAssert" time="0.027"/>
  <testcase classname="BasicConcepts.GroupingConcept" name="Test2" time="0.001"/>
  <testcase classname="BasicConcepts.GroupingConcept" name="hardAssert" time="0.001"/>
  <testcase classname="BasicConcepts.GroupingConcept" name="Test1" time="0.0">
    <ignored/>
  </testcase> <!-- Test1 -->
  <testcase classname="BasicConcepts.GroupingConcept" name="Test7" time="0.0">
    <ignored/>
  </testcase> <!-- Test7 -->
  <testcase classname="BasicConcepts.GroupingConcept" name="username" time="0.0">
    <ignored/>
  </testcase> <!-- username -->
  <testcase classname="BasicConcepts.GroupingConcept" name="password" time="0.0">
    <ignored/>
  </testcase> <!-- password -->
  <testcase classname="BasicConcepts.GroupingConcept" name="login" time="0.0">
    <ignored/>
  </testcase> <!-- login -->
  <testcase classname="BasicConcepts.GroupingConcept" name="Test4" time="0.0">
    <ignored/>
  </testcase> <!-- Test4 -->
  <testcase classname="BasicConcepts.GroupingConcept" name="Test3" time="0.0">
    <ignored/>
  </testcase> <!-- Test3 -->
  <testcase classname="BasicConcepts.GroupingConcept" name="Test6" time="0.0">
    <ignored/>
  </testcase> <!-- Test6 -->
  <testcase classname="BasicConcepts.GroupingConcept" name="Test5" time="0.0">
    <ignored/>
  </testcase> <!-- Test5 -->
</testsuite> <!-- Test(failed) -->
