<?xml version="1.0" encoding="UTF-8"?>
<testng-results ignored="0" total="12" passed="12" failed="0" skipped="0">
  <reporter-output>
  </reporter-output>
  <suite started-at="2023-05-10T06:11:25 IST" name="Suite" finished-at="2023-05-10T06:11:25 IST" duration-ms="143">
    <groups>
      <group name="dependsOn">
        <method signature="GroupingConcept.username()[pri:1, instance:BasicConcepts.GroupingConcept@61001b64]" name="username" class="BasicConcepts.GroupingConcept"/>
        <method signature="GroupingConcept.password()[pri:2, instance:BasicConcepts.GroupingConcept@61001b64]" name="password" class="BasicConcepts.GroupingConcept"/>
        <method signature="GroupingConcept.login()[pri:0, instance:BasicConcepts.GroupingConcept@61001b64]" name="login" class="BasicConcepts.GroupingConcept"/>
      </group> <!-- dependsOn -->
      <group name="assert">
        <method signature="GroupingConcept.hardAssert()[pri:0, instance:BasicConcepts.GroupingConcept@61001b64]" name="hardAssert" class="BasicConcepts.GroupingConcept"/>
        <method signature="GroupingConcept.softAssert()[pri:0, instance:BasicConcepts.GroupingConcept@61001b64]" name="softAssert" class="BasicConcepts.GroupingConcept"/>
      </group> <!-- assert -->
      <group name="regression">
        <method signature="GroupingConcept.Test3()[pri:0, instance:BasicConcepts.GroupingConcept@61001b64]" name="Test3" class="BasicConcepts.GroupingConcept"/>
        <method signature="GroupingConcept.Test6()[pri:0, instance:BasicConcepts.GroupingConcept@61001b64]" name="Test6" class="BasicConcepts.GroupingConcept"/>
        <method signature="GroupingConcept.Test7()[pri:0, instance:BasicConcepts.GroupingConcept@61001b64]" name="Test7" class="BasicConcepts.GroupingConcept"/>
      </group> <!-- regression -->
      <group name="smoke">
        <method signature="GroupingConcept.Test2()[pri:0, instance:BasicConcepts.GroupingConcept@61001b64]" name="Test2" class="BasicConcepts.GroupingConcept"/>
        <method signature="GroupingConcept.Test3()[pri:0, instance:BasicConcepts.GroupingConcept@61001b64]" name="Test3" class="BasicConcepts.GroupingConcept"/>
        <method signature="GroupingConcept.Test1()[pri:0, instance:BasicConcepts.GroupingConcept@61001b64]" name="Test1" class="BasicConcepts.GroupingConcept"/>
      </group> <!-- smoke -->
      <group name="sanity">
        <method signature="GroupingConcept.Test3()[pri:0, instance:BasicConcepts.GroupingConcept@61001b64]" name="Test3" class="BasicConcepts.GroupingConcept"/>
        <method signature="GroupingConcept.Test4()[pri:0, instance:BasicConcepts.GroupingConcept@61001b64]" name="Test4" class="BasicConcepts.GroupingConcept"/>
        <method signature="GroupingConcept.Test5()[pri:0, instance:BasicConcepts.GroupingConcept@61001b64]" name="Test5" class="BasicConcepts.GroupingConcept"/>
      </group> <!-- sanity -->
    </groups>
    <test started-at="2023-05-10T06:11:25 IST" name="Test" finished-at="2023-05-10T06:11:25 IST" duration-ms="143">
      <class name="BasicConcepts.GroupingConcept">
        <test-method signature="Test1()[pri:0, instance:BasicConcepts.GroupingConcept@61001b64]" started-at="2023-05-10T06:11:25 IST" name="Test1" finished-at="2023-05-10T06:11:25 IST" duration-ms="16" status="PASS">
          <reporter-output>
          </reporter-output>
        </test-method> <!-- Test1 -->
        <test-method signature="Test2()[pri:0, instance:BasicConcepts.GroupingConcept@61001b64]" started-at="2023-05-10T06:11:25 IST" name="Test2" finished-at="2023-05-10T06:11:25 IST" duration-ms="1" status="PASS">
          <reporter-output>
          </reporter-output>
        </test-method> <!-- Test2 -->
        <test-method signature="Test3()[pri:0, instance:BasicConcepts.GroupingConcept@61001b64]" started-at="2023-05-10T06:11:25 IST" name="Test3" finished-at="2023-05-10T06:11:25 IST" duration-ms="1" status="PASS">
          <reporter-output>
          </reporter-output>
        </test-method> <!-- Test3 -->
        <test-method signature="Test4()[pri:0, instance:BasicConcepts.GroupingConcept@61001b64]" started-at="2023-05-10T06:11:25 IST" name="Test4" finished-at="2023-05-10T06:11:25 IST" duration-ms="0" status="PASS">
          <reporter-output>
          </reporter-output>
        </test-method> <!-- Test4 -->
        <test-method signature="Test5()[pri:0, instance:BasicConcepts.GroupingConcept@61001b64]" started-at="2023-05-10T06:11:25 IST" name="Test5" finished-at="2023-05-10T06:11:25 IST" duration-ms="1" status="PASS">
          <reporter-output>
          </reporter-output>
        </test-method> <!-- Test5 -->
        <test-method signature="Test6()[pri:0, instance:BasicConcepts.GroupingConcept@61001b64]" started-at="2023-05-10T06:11:25 IST" name="Test6" finished-at="2023-05-10T06:11:25 IST" duration-ms="1" status="PASS">
          <reporter-output>
          </reporter-output>
        </test-method> <!-- Test6 -->
        <test-method signature="Test7()[pri:0, instance:BasicConcepts.GroupingConcept@61001b64]" started-at="2023-05-10T06:11:25 IST" name="Test7" finished-at="2023-05-10T06:11:25 IST" duration-ms="1" status="PASS">
          <reporter-output>
          </reporter-output>
        </test-method> <!-- Test7 -->
        <test-method signature="hardAssert()[pri:0, instance:BasicConcepts.GroupingConcept@61001b64]" started-at="2023-05-10T06:11:25 IST" name="hardAssert" finished-at="2023-05-10T06:11:25 IST" duration-ms="1" status="PASS">
          <reporter-output>
          </reporter-output>
        </test-method> <!-- hardAssert -->
        <test-method signature="softAssert()[pri:0, instance:BasicConcepts.GroupingConcept@61001b64]" started-at="2023-05-10T06:11:25 IST" name="softAssert" finished-at="2023-05-10T06:11:25 IST" duration-ms="11" status="PASS">
          <reporter-output>
          </reporter-output>
        </test-method> <!-- softAssert -->
        <test-method signature="username()[pri:1, instance:BasicConcepts.GroupingConcept@61001b64]" started-at="2023-05-10T06:11:25 IST" name="username" finished-at="2023-05-10T06:11:25 IST" duration-ms="1" status="PASS">
          <reporter-output>
          </reporter-output>
        </test-method> <!-- username -->
        <test-method signature="password()[pri:2, instance:BasicConcepts.GroupingConcept@61001b64]" started-at="2023-05-10T06:11:25 IST" name="password" finished-at="2023-05-10T06:11:25 IST" duration-ms="1" status="PASS">
          <reporter-output>
          </reporter-output>
        </test-method> <!-- password -->
        <test-method signature="login()[pri:0, instance:BasicConcepts.GroupingConcept@61001b64]" started-at="2023-05-10T06:11:25 IST" name="login" finished-at="2023-05-10T06:11:25 IST" depends-on-methods="BasicConcepts.GroupingConcept.password, BasicConcepts.GroupingConcept.username" duration-ms="1" status="PASS">
          <reporter-output>
          </reporter-output>
        </test-method> <!-- login -->
      </class> <!-- BasicConcepts.GroupingConcept -->
    </test> <!-- Test -->
  </suite> <!-- Suite -->
</testng-results>
