<?xml version="1.0" encoding="UTF-8"?>
<!-- Generated by org.testng.reporters.JUnitXMLReporter -->
<testsuite ignored="0" hostname="DESKTOP-53EJ0K8" failures="1" tests="7" name="BasicTest" time="0.067" errors="0" timestamp="2023-05-07T06:17:22 IST">
  <testcase classname="BasicConcepts.SampleTestNG" name="username" time="0.006"/>
  <testcase classname="BasicConcepts.SampleTestNG" name="password" time="0.001"/>
  <testcase classname="BasicConcepts.SampleTestNG" name="login" time="0.001"/>
  <testcase classname="BasicConcepts.SampleTestNG2" name="Test1" time="0.002"/>
  <testcase classname="BasicConcepts.SampleTestNG2" name="Test2" time="0.006">
    <failure type="java.lang.AssertionError" message="expected [AIITE] but found [AII]">
      <![CDATA[java.lang.AssertionError: expected [AIITE] but found [AII]
at BasicConcepts.SampleTestNG2.Test2(SampleTestNG2.java:21)
at java.base/java.util.ArrayList.forEach(ArrayList.java:1511)
... Removed 33 stack frames]]>
    </failure>
  </testcase> <!-- Test2 -->
  <testcase classname="BasicConcepts.SampleTestNG2" name="Test3" time="0.0"/>
  <testcase classname="BasicConcepts.SampleTestNG2" name="Test4" time="0.001"/>
</testsuite> <!-- BasicTest -->
