<?xml version="1.0" encoding="UTF-8"?>
<!-- Generated by org.testng.reporters.JUnitXMLReporter -->
<testsuite ignored="7" hostname="DESKTOP-53EJ0K8" failures="1" tests="3" name="BasicTest1" time="3.006" errors="0" timestamp="2023-05-10T06:02:32 IST">
  <testcase classname="BasicConcepts.SampleTestNG2" name="Test1" time="0.013"/>
  <testcase classname="BasicConcepts.SampleTestNG2" name="Test4" time="0.001"/>
  <testcase classname="BasicConcepts.SampleTestNG" name="password" time="2.908">
    <failure type="java.lang.NullPointerException" message="Cannot invoke &amp;quot;org.openqa.selenium.WebDriver.manage()&amp;quot; because &amp;quot;ins.aiite.BaseClass.BaseClass.driver&amp;quot; is null">
      <![CDATA[java.lang.NullPointerException: Cannot invoke "org.openqa.selenium.WebDriver.manage()" because "ins.aiite.BaseClass.BaseClass.driver" is null
at ins.aiite.BaseClass.BaseClass.selectingBrowser(BaseClass.java:69)
at BasicConcepts.SampleTestNG.password(SampleTestNG.java:75)
at java.base/java.util.ArrayList.forEach(ArrayList.java:1511)
at java.base/java.util.concurrent.FutureTask.run(FutureTask.java:264)
at java.base/java.util.concurrent.ThreadPoolExecutor.runWorker(ThreadPoolExecutor.java:1136)
at java.base/java.util.concurrent.ThreadPoolExecutor$Worker.run(ThreadPoolExecutor.java:635)
at java.base/java.lang.Thread.run(Thread.java:833)
... Removed 17 stack frames]]>
    </failure>
  </testcase> <!-- password -->
  <testcase classname="BasicConcepts.SampleTestNG2" name="Test7" time="0.0">
    <ignored/>
  </testcase> <!-- Test7 -->
  <testcase classname="BasicConcepts.SampleTestNG" name="login" time="0.0">
    <ignored/>
  </testcase> <!-- login -->
  <testcase classname="BasicConcepts.SampleTestNG2" name="Test2" time="0.0">
    <ignored/>
  </testcase> <!-- Test2 -->
  <testcase classname="BasicConcepts.SampleTestNG" name="username" time="0.0">
    <ignored/>
  </testcase> <!-- username -->
  <testcase classname="BasicConcepts.SampleTestNG2" name="Test6" time="0.0">
    <ignored/>
  </testcase> <!-- Test6 -->
  <testcase classname="BasicConcepts.SampleTestNG2" name="Test5" time="0.0">
    <ignored/>
  </testcase> <!-- Test5 -->
  <testcase classname="BasicConcepts.SampleTestNG2" name="Test3" time="0.0">
    <ignored/>
  </testcase> <!-- Test3 -->
</testsuite> <!-- BasicTest1 -->
